<?xml version="1.0" encoding="UTF-8"?>
<coverage generated="1762011440181" clover="3.2.0">
  <project timestamp="1762011440181" name="All files">
    <metrics statements="79" coveredstatements="33" conditionals="18" coveredconditionals="10" methods="14" coveredmethods="6" elements="111" coveredelements="49" complexity="0" loc="79" ncloc="79" packages="6" files="15" classes="15"/>
    <package name="core.application.services">
      <metrics statements="16" coveredstatements="8" conditionals="16" coveredconditionals="8" methods="4" coveredmethods="2"/>
      <file name="armario.js" path="/Users/darlam.alves/Documents/Faculdade/abrigo-helena-dornfield-api/src/core/application/services/armario.js">
        <metrics statements="8" coveredstatements="0" conditionals="8" coveredconditionals="0" methods="2" coveredmethods="0"/>
        <line num="3" count="0" type="stmt"/>
        <line num="13" count="0" type="cond" truecount="0" falsecount="4"/>
        <line num="14" count="0" type="stmt"/>
        <line num="17" count="0" type="cond" truecount="0" falsecount="4"/>
        <line num="18" count="0" type="stmt"/>
        <line num="22" count="0" type="stmt"/>
        <line num="25" count="0" type="stmt"/>
        <line num="32" count="0" type="stmt"/>
      </file>
      <file name="estoque.js" path="/Users/darlam.alves/Documents/Faculdade/abrigo-helena-dornfield-api/src/core/application/services/estoque.js">
        <metrics statements="0" coveredstatements="0" conditionals="0" coveredconditionals="0" methods="0" coveredmethods="0"/>
      </file>
      <file name="medicamento.js" path="/Users/darlam.alves/Documents/Faculdade/abrigo-helena-dornfield-api/src/core/application/services/medicamento.js">
        <metrics statements="8" coveredstatements="8" conditionals="8" coveredconditionals="8" methods="2" coveredmethods="2"/>
        <line num="3" count="10" type="stmt"/>
        <line num="13" count="15" type="cond" truecount="6" falsecount="0"/>
        <line num="14" count="4" type="stmt"/>
        <line num="17" count="11" type="cond" truecount="2" falsecount="0"/>
        <line num="18" count="2" type="stmt"/>
        <line num="22" count="9" type="stmt"/>
        <line num="25" count="8" type="stmt"/>
        <line num="32" count="1" type="stmt"/>
      </file>
      <file name="paciente.js" path="/Users/darlam.alves/Documents/Faculdade/abrigo-helena-dornfield-api/src/core/application/services/paciente.js">
        <metrics statements="0" coveredstatements="0" conditionals="0" coveredconditionals="0" methods="0" coveredmethods="0"/>
      </file>
    </package>
    <package name="core.domain">
      <metrics statements="10" coveredstatements="7" conditionals="0" coveredconditionals="0" methods="2" coveredmethods="1"/>
      <file name="armario.js" path="/Users/darlam.alves/Documents/Faculdade/abrigo-helena-dornfield-api/src/core/domain/armario.js">
        <metrics statements="3" coveredstatements="0" conditionals="0" coveredconditionals="0" methods="1" coveredmethods="0"/>
        <line num="3" count="0" type="stmt"/>
        <line num="4" count="0" type="stmt"/>
        <line num="8" count="0" type="stmt"/>
      </file>
      <file name="medicamento.js" path="/Users/darlam.alves/Documents/Faculdade/abrigo-helena-dornfield-api/src/core/domain/medicamento.js">
        <metrics statements="7" coveredstatements="7" conditionals="0" coveredconditionals="0" methods="1" coveredmethods="1"/>
        <line num="3" count="9" type="stmt"/>
        <line num="4" count="9" type="stmt"/>
        <line num="5" count="9" type="stmt"/>
        <line num="6" count="9" type="stmt"/>
        <line num="7" count="9" type="stmt"/>
        <line num="8" count="9" type="stmt"/>
        <line num="12" count="2" type="stmt"/>
      </file>
      <file name="paciente.js" path="/Users/darlam.alves/Documents/Faculdade/abrigo-helena-dornfield-api/src/core/domain/paciente.js">
        <metrics statements="0" coveredstatements="0" conditionals="0" coveredconditionals="0" methods="0" coveredmethods="0"/>
      </file>
    </package>
    <package name="infrastructure.database.models">
      <metrics statements="8" coveredstatements="4" conditionals="0" coveredconditionals="0" methods="0" coveredmethods="0"/>
      <file name="armario.js" path="/Users/darlam.alves/Documents/Faculdade/abrigo-helena-dornfield-api/src/infrastructure/database/models/armario.js">
        <metrics statements="4" coveredstatements="0" conditionals="0" coveredconditionals="0" methods="0" coveredmethods="0"/>
        <line num="1" count="0" type="stmt"/>
        <line num="2" count="0" type="stmt"/>
        <line num="4" count="0" type="stmt"/>
        <line num="21" count="0" type="stmt"/>
      </file>
      <file name="medicamento.js" path="/Users/darlam.alves/Documents/Faculdade/abrigo-helena-dornfield-api/src/infrastructure/database/models/medicamento.js">
        <metrics statements="4" coveredstatements="4" conditionals="0" coveredconditionals="0" methods="0" coveredmethods="0"/>
        <line num="1" count="1" type="stmt"/>
        <line num="2" count="1" type="stmt"/>
        <line num="4" count="1" type="stmt"/>
        <line num="34" count="1" type="stmt"/>
      </file>
      <file name="paciente.js" path="/Users/darlam.alves/Documents/Faculdade/abrigo-helena-dornfield-api/src/infrastructure/database/models/paciente.js">
        <metrics statements="0" coveredstatements="0" conditionals="0" coveredconditionals="0" methods="0" coveredmethods="0"/>
      </file>
    </package>
    <package name="infrastructure.database.repositories">
      <metrics statements="14" coveredstatements="7" conditionals="2" coveredconditionals="2" methods="2" coveredmethods="1"/>
      <file name="PostgresArmarioRepository.js" path="/Users/darlam.alves/Documents/Faculdade/abrigo-helena-dornfield-api/src/infrastructure/database/repositories/PostgresArmarioRepository.js">
        <metrics statements="7" coveredstatements="0" conditionals="0" coveredconditionals="0" methods="1" coveredmethods="0"/>
        <line num="3" count="0" type="stmt"/>
        <line num="4" count="0" type="stmt"/>
        <line num="13" count="0" type="stmt"/>
        <line num="14" count="0" type="stmt"/>
        <line num="19" count="0" type="stmt"/>
        <line num="25" count="0" type="stmt"/>
        <line num="36" count="0" type="stmt"/>
      </file>
      <file name="PostgresMedicamentoRepository.js" path="/Users/darlam.alves/Documents/Faculdade/abrigo-helena-dornfield-api/src/infrastructure/database/repositories/PostgresMedicamentoRepository.js">
        <metrics statements="7" coveredstatements="7" conditionals="2" coveredconditionals="2" methods="1" coveredmethods="1"/>
        <line num="3" count="1" type="stmt"/>
        <line num="4" count="1" type="stmt"/>
        <line num="13" count="7" type="stmt"/>
        <line num="14" count="7" type="stmt"/>
        <line num="22" count="5" type="stmt"/>
        <line num="32" count="2" type="stmt"/>
        <line num="43" count="1" type="stmt"/>
      </file>
    </package>
    <package name="infrastructure.web.controllers">
      <metrics statements="14" coveredstatements="7" conditionals="0" coveredconditionals="0" methods="4" coveredmethods="2"/>
      <file name="armario.js" path="/Users/darlam.alves/Documents/Faculdade/abrigo-helena-dornfield-api/src/infrastructure/web/controllers/armario.js">
        <metrics statements="7" coveredstatements="0" conditionals="0" coveredconditionals="0" methods="2" coveredmethods="0"/>
        <line num="3" count="0" type="stmt"/>
        <line num="12" count="0" type="stmt"/>
        <line num="14" count="0" type="stmt"/>
        <line num="17" count="0" type="stmt"/>
        <line num="20" count="0" type="stmt"/>
        <line num="24" count="0" type="stmt"/>
        <line num="32" count="0" type="stmt"/>
      </file>
      <file name="medicamento.js" path="/Users/darlam.alves/Documents/Faculdade/abrigo-helena-dornfield-api/src/infrastructure/web/controllers/medicamento.js">
        <metrics statements="7" coveredstatements="7" conditionals="0" coveredconditionals="0" methods="2" coveredmethods="2"/>
        <line num="3" count="11" type="stmt"/>
        <line num="12" count="14" type="stmt"/>
        <line num="14" count="14" type="stmt"/>
        <line num="17" count="14" type="stmt"/>
        <line num="20" count="7" type="stmt"/>
        <line num="24" count="7" type="stmt"/>
        <line num="32" count="1" type="stmt"/>
      </file>
    </package>
    <package name="infrastructure.web.routes">
      <metrics statements="17" coveredstatements="0" conditionals="0" coveredconditionals="0" methods="2" coveredmethods="0"/>
      <file name="index.js" path="/Users/darlam.alves/Documents/Faculdade/abrigo-helena-dornfield-api/src/infrastructure/web/routes/index.js">
        <metrics statements="17" coveredstatements="0" conditionals="0" coveredconditionals="0" methods="2" coveredmethods="0"/>
        <line num="1" count="0" type="stmt"/>
        <line num="2" count="0" type="stmt"/>
        <line num="4" count="0" type="stmt"/>
        <line num="5" count="0" type="stmt"/>
        <line num="6" count="0" type="stmt"/>
        <line num="8" count="0" type="stmt"/>
        <line num="9" count="0" type="stmt"/>
        <line num="10" count="0" type="stmt"/>
        <line num="12" count="0" type="stmt"/>
        <line num="13" count="0" type="stmt"/>
        <line num="14" count="0" type="stmt"/>
        <line num="16" count="0" type="stmt"/>
        <line num="17" count="0" type="stmt"/>
        <line num="18" count="0" type="stmt"/>
        <line num="21" count="0" type="stmt"/>
        <line num="24" count="0" type="stmt"/>
        <line num="26" count="0" type="stmt"/>
      </file>
    </package>
  </project>
</coverage>
