{"/Users/darlam.alves/Documents/Faculdade/abrigo-helena-dornfield-api/src/core/application/services/armario.js": {"path":"/Users/darlam.alves/Documents/Faculdade/abrigo-helena-dornfield-api/src/core/application/services/armario.js","statementMap":{"0":{"start":{"line":3,"column":4},"end":{"line":3,"column":47}},"1":{"start":{"line":13,"column":4},"end":{"line":15,"column":5}},"2":{"start":{"line":14,"column":6},"end":{"line":14,"column":69}},"3":{"start":{"line":17,"column":4},"end":{"line":19,"column":5}},"4":{"start":{"line":18,"column":6},"end":{"line":18,"column":73}},"5":{"start":{"line":22,"column":24},"end":{"line":22,"column":72}},"6":{"start":{"line":25,"column":4},"end":{"line":25,"column":23}},"7":{"start":{"line":32,"column":0},"end":{"line":32,"column":32}}},"fnMap":{"0":{"name":"(anonymous_0)","decl":{"start":{"line":2,"column":2},"end":{"line":2,"column":3}},"loc":{"start":{"line":2,"column":33},"end":{"line":4,"column":3}},"line":2},"1":{"name":"(anonymous_1)","decl":{"start":{"line":11,"column":2},"end":{"line":11,"column":3}},"loc":{"start":{"line":11,"column":35},"end":{"line":26,"column":3}},"line":11}},"branchMap":{"0":{"loc":{"start":{"line":13,"column":4},"end":{"line":15,"column":5}},"type":"if","locations":[{"start":{"line":13,"column":4},"end":{"line":15,"column":5}},{"start":{},"end":{}}],"line":13},"1":{"loc":{"start":{"line":13,"column":8},"end":{"line":13,"column":53}},"type":"binary-expr","locations":[{"start":{"line":13,"column":8},"end":{"line":13,"column":27}},{"start":{"line":13,"column":31},"end":{"line":13,"column":53}}],"line":13},"2":{"loc":{"start":{"line":17,"column":4},"end":{"line":19,"column":5}},"type":"if","locations":[{"start":{"line":17,"column":4},"end":{"line":19,"column":5}},{"start":{},"end":{}}],"line":17},"3":{"loc":{"start":{"line":17,"column":8},"end":{"line":17,"column":73}},"type":"binary-expr","locations":[{"start":{"line":17,"column":8},"end":{"line":17,"column":46}},{"start":{"line":17,"column":50},"end":{"line":17,"column":73}}],"line":17}},"s":{"0":0,"1":0,"2":0,"3":0,"4":0,"5":0,"6":0,"7":0},"f":{"0":0,"1":0},"b":{"0":[0,0],"1":[0,0],"2":[0,0],"3":[0,0]}}
,"/Users/darlam.alves/Documents/Faculdade/abrigo-helena-dornfield-api/src/core/application/services/estoque.js": {"path":"/Users/darlam.alves/Documents/Faculdade/abrigo-helena-dornfield-api/src/core/application/services/estoque.js","statementMap":{},"fnMap":{},"branchMap":{},"s":{},"f":{},"b":{}}
,"/Users/darlam.alves/Documents/Faculdade/abrigo-helena-dornfield-api/src/core/application/services/medicamento.js": {"path":"/Users/darlam.alves/Documents/Faculdade/abrigo-helena-dornfield-api/src/core/application/services/medicamento.js","statementMap":{"0":{"start":{"line":3,"column":6},"end":{"line":3,"column":57}},"1":{"start":{"line":13,"column":6},"end":{"line":15,"column":7}},"2":{"start":{"line":14,"column":8},"end":{"line":14,"column":86}},"3":{"start":{"line":17,"column":6},"end":{"line":19,"column":7}},"4":{"start":{"line":18,"column":8},"end":{"line":18,"column":65}},"5":{"start":{"line":22,"column":30},"end":{"line":22,"column":86}},"6":{"start":{"line":25,"column":6},"end":{"line":25,"column":29}},"7":{"start":{"line":32,"column":2},"end":{"line":32,"column":38}}},"fnMap":{"0":{"name":"(anonymous_0)","decl":{"start":{"line":2,"column":4},"end":{"line":2,"column":5}},"loc":{"start":{"line":2,"column":39},"end":{"line":4,"column":5}},"line":2},"1":{"name":"(anonymous_1)","decl":{"start":{"line":11,"column":4},"end":{"line":11,"column":5}},"loc":{"start":{"line":11,"column":41},"end":{"line":26,"column":5}},"line":11}},"branchMap":{"0":{"loc":{"start":{"line":13,"column":6},"end":{"line":15,"column":7}},"type":"if","locations":[{"start":{"line":13,"column":6},"end":{"line":15,"column":7}},{"start":{},"end":{}}],"line":13},"1":{"loc":{"start":{"line":13,"column":10},"end":{"line":13,"column":143}},"type":"binary-expr","locations":[{"start":{"line":13,"column":10},"end":{"line":13,"column":31}},{"start":{"line":13,"column":35},"end":{"line":13,"column":72}},{"start":{"line":13,"column":76},"end":{"line":13,"column":108}},{"start":{"line":13,"column":112},"end":{"line":13,"column":143}}],"line":13},"2":{"loc":{"start":{"line":17,"column":6},"end":{"line":19,"column":7}},"type":"if","locations":[{"start":{"line":17,"column":6},"end":{"line":19,"column":7}},{"start":{},"end":{}}],"line":17}},"s":{"0":10,"1":15,"2":4,"3":11,"4":2,"5":9,"6":8,"7":1},"f":{"0":10,"1":15},"b":{"0":[4,11],"1":[15,13,12,12],"2":[2,9]},"_coverageSchema":"1a1c01bbd47fc00a2c39e90264f33305004495a9","hash":"c8692d717d53d5b8a1a35891facc4b4e8fb1983d"}
,"/Users/darlam.alves/Documents/Faculdade/abrigo-helena-dornfield-api/src/core/application/services/paciente.js": {"path":"/Users/darlam.alves/Documents/Faculdade/abrigo-helena-dornfield-api/src/core/application/services/paciente.js","statementMap":{},"fnMap":{},"branchMap":{},"s":{},"f":{},"b":{}}
,"/Users/darlam.alves/Documents/Faculdade/abrigo-helena-dornfield-api/src/core/domain/armario.js": {"path":"/Users/darlam.alves/Documents/Faculdade/abrigo-helena-dornfield-api/src/core/domain/armario.js","statementMap":{"0":{"start":{"line":3,"column":4},"end":{"line":3,"column":25}},"1":{"start":{"line":4,"column":4},"end":{"line":4,"column":31}},"2":{"start":{"line":8,"column":0},"end":{"line":8,"column":25}}},"fnMap":{"0":{"name":"(anonymous_0)","decl":{"start":{"line":2,"column":2},"end":{"line":2,"column":3}},"loc":{"start":{"line":2,"column":33},"end":{"line":5,"column":3}},"line":2}},"branchMap":{},"s":{"0":0,"1":0,"2":0},"f":{"0":0},"b":{}}
,"/Users/darlam.alves/Documents/Faculdade/abrigo-helena-dornfield-api/src/core/domain/medicamento.js": {"path":"/Users/darlam.alves/Documents/Faculdade/abrigo-helena-dornfield-api/src/core/domain/medicamento.js","statementMap":{"0":{"start":{"line":3,"column":6},"end":{"line":3,"column":19}},"1":{"start":{"line":4,"column":6},"end":{"line":4,"column":23}},"2":{"start":{"line":5,"column":6},"end":{"line":5,"column":29}},"3":{"start":{"line":6,"column":6},"end":{"line":6,"column":43}},"4":{"start":{"line":7,"column":6},"end":{"line":7,"column":45}},"5":{"start":{"line":8,"column":6},"end":{"line":8,"column":43}},"6":{"start":{"line":12,"column":2},"end":{"line":12,"column":31}}},"fnMap":{"0":{"name":"(anonymous_0)","decl":{"start":{"line":2,"column":4},"end":{"line":2,"column":5}},"loc":{"start":{"line":2,"column":84},"end":{"line":9,"column":5}},"line":2}},"branchMap":{},"s":{"0":9,"1":9,"2":9,"3":9,"4":9,"5":9,"6":2},"f":{"0":9},"b":{},"_coverageSchema":"1a1c01bbd47fc00a2c39e90264f33305004495a9","hash":"56799327cbed5bde2319751e7474221e30a87044"}
,"/Users/darlam.alves/Documents/Faculdade/abrigo-helena-dornfield-api/src/core/domain/paciente.js": {"path":"/Users/darlam.alves/Documents/Faculdade/abrigo-helena-dornfield-api/src/core/domain/paciente.js","statementMap":{},"fnMap":{},"branchMap":{},"s":{},"f":{},"b":{}}
,"/Users/darlam.alves/Documents/Faculdade/abrigo-helena-dornfield-api/src/infrastructure/database/models/armario.js": {"path":"/Users/darlam.alves/Documents/Faculdade/abrigo-helena-dornfield-api/src/infrastructure/database/models/armario.js","statementMap":{"0":{"start":{"line":1,"column":22},"end":{"line":1,"column":42}},"1":{"start":{"line":2,"column":18},"end":{"line":2,"column":42}},"2":{"start":{"line":4,"column":16},"end":{"line":19,"column":2}},"3":{"start":{"line":21,"column":0},"end":{"line":21,"column":25}}},"fnMap":{},"branchMap":{},"s":{"0":0,"1":0,"2":0,"3":0},"f":{},"b":{}}
,"/Users/darlam.alves/Documents/Faculdade/abrigo-helena-dornfield-api/src/infrastructure/database/models/medicamento.js": {"path":"/Users/darlam.alves/Documents/Faculdade/abrigo-helena-dornfield-api/src/infrastructure/database/models/medicamento.js","statementMap":{"0":{"start":{"line":1,"column":22},"end":{"line":1,"column":42}},"1":{"start":{"line":2,"column":18},"end":{"line":2,"column":42}},"2":{"start":{"line":4,"column":25},"end":{"line":32,"column":2}},"3":{"start":{"line":34,"column":0},"end":{"line":34,"column":34}}},"fnMap":{},"branchMap":{},"s":{"0":1,"1":1,"2":1,"3":1},"f":{},"b":{},"_coverageSchema":"1a1c01bbd47fc00a2c39e90264f33305004495a9","hash":"1013d10020d5aa002d415c8f18c9afeac51d5737"}
,"/Users/darlam.alves/Documents/Faculdade/abrigo-helena-dornfield-api/src/infrastructure/database/models/paciente.js": {"path":"/Users/darlam.alves/Documents/Faculdade/abrigo-helena-dornfield-api/src/infrastructure/database/models/paciente.js","statementMap":{},"fnMap":{},"branchMap":{},"s":{},"f":{},"b":{}}
,"/Users/darlam.alves/Documents/Faculdade/abrigo-helena-dornfield-api/src/infrastructure/database/repositories/PostgresArmarioRepository.js": {"path":"/Users/darlam.alves/Documents/Faculdade/abrigo-helena-dornfield-api/src/infrastructure/database/repositories/PostgresArmarioRepository.js","statementMap":{"0":{"start":{"line":3,"column":21},"end":{"line":3,"column":49}},"1":{"start":{"line":4,"column":16},"end":{"line":4,"column":55}},"2":{"start":{"line":13,"column":4},"end":{"line":26,"column":5}},"3":{"start":{"line":14,"column":28},"end":{"line":17,"column":8}},"4":{"start":{"line":19,"column":6},"end":{"line":22,"column":8}},"5":{"start":{"line":25,"column":6},"end":{"line":25,"column":83}},"6":{"start":{"line":36,"column":0},"end":{"line":36,"column":43}}},"fnMap":{"0":{"name":"(anonymous_0)","decl":{"start":{"line":12,"column":2},"end":{"line":12,"column":3}},"loc":{"start":{"line":12,"column":28},"end":{"line":27,"column":3}},"line":12}},"branchMap":{},"s":{"0":0,"1":0,"2":0,"3":0,"4":0,"5":0,"6":0},"f":{"0":0},"b":{}}
,"/Users/darlam.alves/Documents/Faculdade/abrigo-helena-dornfield-api/src/infrastructure/database/repositories/PostgresMedicamentoRepository.js": {"path":"/Users/darlam.alves/Documents/Faculdade/abrigo-helena-dornfield-api/src/infrastructure/database/repositories/PostgresMedicamentoRepository.js","statementMap":{"0":{"start":{"line":3,"column":25},"end":{"line":3,"column":57}},"1":{"start":{"line":4,"column":20},"end":{"line":4,"column":63}},"2":{"start":{"line":13,"column":4},"end":{"line":33,"column":5}},"3":{"start":{"line":14,"column":32},"end":{"line":20,"column":8}},"4":{"start":{"line":22,"column":6},"end":{"line":29,"column":8}},"5":{"start":{"line":32,"column":6},"end":{"line":32,"column":87}},"6":{"start":{"line":43,"column":0},"end":{"line":43,"column":47}}},"fnMap":{"0":{"name":"(anonymous_0)","decl":{"start":{"line":12,"column":2},"end":{"line":12,"column":3}},"loc":{"start":{"line":12,"column":32},"end":{"line":34,"column":3}},"line":12}},"branchMap":{"0":{"loc":{"start":{"line":18,"column":25},"end":{"line":18,"column":64}},"type":"binary-expr","locations":[{"start":{"line":18,"column":25},"end":{"line":18,"column":56}},{"start":{"line":18,"column":60},"end":{"line":18,"column":64}}],"line":18}},"s":{"0":1,"1":1,"2":7,"3":7,"4":5,"5":2,"6":1},"f":{"0":7},"b":{"0":[7,4]},"_coverageSchema":"1a1c01bbd47fc00a2c39e90264f33305004495a9","hash":"64cf8ee4855e80e88389ef400027ab865b3bc611"}
,"/Users/darlam.alves/Documents/Faculdade/abrigo-helena-dornfield-api/src/infrastructure/web/controllers/armario.js": {"path":"/Users/darlam.alves/Documents/Faculdade/abrigo-helena-dornfield-api/src/infrastructure/web/controllers/armario.js","statementMap":{"0":{"start":{"line":3,"column":4},"end":{"line":3,"column":41}},"1":{"start":{"line":12,"column":4},"end":{"line":25,"column":5}},"2":{"start":{"line":14,"column":29},"end":{"line":14,"column":37}},"3":{"start":{"line":17,"column":26},"end":{"line":17,"column":81}},"4":{"start":{"line":20,"column":6},"end":{"line":20,"column":40}},"5":{"start":{"line":24,"column":6},"end":{"line":24,"column":55}},"6":{"start":{"line":32,"column":0},"end":{"line":32,"column":35}}},"fnMap":{"0":{"name":"(anonymous_0)","decl":{"start":{"line":2,"column":2},"end":{"line":2,"column":3}},"loc":{"start":{"line":2,"column":30},"end":{"line":4,"column":3}},"line":2},"1":{"name":"(anonymous_1)","decl":{"start":{"line":10,"column":2},"end":{"line":10,"column":3}},"loc":{"start":{"line":10,"column":25},"end":{"line":26,"column":3}},"line":10}},"branchMap":{},"s":{"0":0,"1":0,"2":0,"3":0,"4":0,"5":0,"6":0},"f":{"0":0,"1":0},"b":{}}
,"/Users/darlam.alves/Documents/Faculdade/abrigo-helena-dornfield-api/src/infrastructure/web/controllers/medicamento.js": {"path":"/Users/darlam.alves/Documents/Faculdade/abrigo-helena-dornfield-api/src/infrastructure/web/controllers/medicamento.js","statementMap":{"0":{"start":{"line":3,"column":6},"end":{"line":3,"column":51}},"1":{"start":{"line":12,"column":6},"end":{"line":25,"column":7}},"2":{"start":{"line":14,"column":35},"end":{"line":14,"column":43}},"3":{"start":{"line":17,"column":32},"end":{"line":17,"column":95}},"4":{"start":{"line":20,"column":8},"end":{"line":20,"column":46}},"5":{"start":{"line":24,"column":8},"end":{"line":24,"column":57}},"6":{"start":{"line":32,"column":2},"end":{"line":32,"column":41}}},"fnMap":{"0":{"name":"(anonymous_0)","decl":{"start":{"line":2,"column":4},"end":{"line":2,"column":5}},"loc":{"start":{"line":2,"column":36},"end":{"line":4,"column":5}},"line":2},"1":{"name":"(anonymous_1)","decl":{"start":{"line":10,"column":4},"end":{"line":10,"column":5}},"loc":{"start":{"line":10,"column":27},"end":{"line":26,"column":5}},"line":10}},"branchMap":{},"s":{"0":11,"1":14,"2":14,"3":14,"4":7,"5":7,"6":1},"f":{"0":11,"1":14},"b":{},"_coverageSchema":"1a1c01bbd47fc00a2c39e90264f33305004495a9","hash":"75e2b8262d42ba73a8b07c97c3faf01190388af9"}
,"/Users/darlam.alves/Documents/Faculdade/abrigo-helena-dornfield-api/src/infrastructure/web/routes/index.js": {"path":"/Users/darlam.alves/Documents/Faculdade/abrigo-helena-dornfield-api/src/infrastructure/web/routes/index.js","statementMap":{"0":{"start":{"line":1,"column":16},"end":{"line":1,"column":34}},"1":{"start":{"line":2,"column":15},"end":{"line":2,"column":31}},"2":{"start":{"line":4,"column":30},"end":{"line":4,"column":67}},"3":{"start":{"line":5,"column":27},"end":{"line":5,"column":84}},"4":{"start":{"line":6,"column":38},"end":{"line":6,"column":106}},"5":{"start":{"line":8,"column":26},"end":{"line":8,"column":59}},"6":{"start":{"line":9,"column":23},"end":{"line":9,"column":76}},"7":{"start":{"line":10,"column":34},"end":{"line":10,"column":98}},"8":{"start":{"line":12,"column":30},"end":{"line":12,"column":65}},"9":{"start":{"line":13,"column":27},"end":{"line":13,"column":72}},"10":{"start":{"line":14,"column":30},"end":{"line":14,"column":75}},"11":{"start":{"line":16,"column":26},"end":{"line":16,"column":57}},"12":{"start":{"line":17,"column":23},"end":{"line":17,"column":60}},"13":{"start":{"line":18,"column":26},"end":{"line":18,"column":63}},"14":{"start":{"line":21,"column":0},"end":{"line":21,"column":83}},"15":{"start":{"line":21,"column":43},"end":{"line":21,"column":81}},"16":{"start":{"line":24,"column":0},"end":{"line":24,"column":75}},"17":{"start":{"line":24,"column":39},"end":{"line":24,"column":73}},"18":{"start":{"line":26,"column":0},"end":{"line":26,"column":24}}},"fnMap":{"0":{"name":"(anonymous_0)","decl":{"start":{"line":21,"column":29},"end":{"line":21,"column":30}},"loc":{"start":{"line":21,"column":43},"end":{"line":21,"column":81}},"line":21},"1":{"name":"(anonymous_1)","decl":{"start":{"line":24,"column":25},"end":{"line":24,"column":26}},"loc":{"start":{"line":24,"column":39},"end":{"line":24,"column":73}},"line":24}},"branchMap":{},"s":{"0":0,"1":0,"2":0,"3":0,"4":0,"5":0,"6":0,"7":0,"8":0,"9":0,"10":0,"11":0,"12":0,"13":0,"14":0,"15":0,"16":0,"17":0,"18":0},"f":{"0":0,"1":0},"b":{}}
}
