TN:
SF:src/core/application/services/armario.js
FN:2,(anonymous_0)
FN:11,(anonymous_1)
FNF:2
FNH:0
FNDA:0,(anonymous_0)
FNDA:0,(anonymous_1)
DA:3,0
DA:13,0
DA:14,0
DA:17,0
DA:18,0
DA:22,0
DA:25,0
DA:32,0
LF:8
LH:0
BRDA:13,0,0,0
BRDA:13,0,1,0
BRDA:13,1,0,0
BRDA:13,1,1,0
BRDA:17,2,0,0
BRDA:17,2,1,0
BRDA:17,3,0,0
BRDA:17,3,1,0
BRF:8
BRH:0
end_of_record
TN:
SF:src/core/application/services/estoque.js
FNF:0
FNH:0
LF:0
LH:0
BRF:0
BRH:0
end_of_record
TN:
SF:src/core/application/services/medicamento.js
FN:2,(anonymous_0)
FN:11,(anonymous_1)
FNF:2
FNH:2
FNDA:10,(anonymous_0)
FNDA:15,(anonymous_1)
DA:3,10
DA:13,15
DA:14,4
DA:17,11
DA:18,2
DA:22,9
DA:25,8
DA:32,1
LF:8
LH:8
BRDA:13,0,0,4
BRDA:13,0,1,11
BRDA:13,1,0,15
BRDA:13,1,1,13
BRDA:13,1,2,12
BRDA:13,1,3,12
BRDA:17,2,0,2
BRDA:17,2,1,9
BRF:8
BRH:8
end_of_record
TN:
SF:src/core/application/services/paciente.js
FNF:0
FNH:0
LF:0
LH:0
BRF:0
BRH:0
end_of_record
TN:
SF:src/core/domain/armario.js
FN:2,(anonymous_0)
FNF:1
FNH:0
FNDA:0,(anonymous_0)
DA:3,0
DA:4,0
DA:8,0
LF:3
LH:0
BRF:0
BRH:0
end_of_record
TN:
SF:src/core/domain/medicamento.js
FN:2,(anonymous_0)
FNF:1
FNH:1
FNDA:9,(anonymous_0)
DA:3,9
DA:4,9
DA:5,9
DA:6,9
DA:7,9
DA:8,9
DA:12,2
LF:7
LH:7
BRF:0
BRH:0
end_of_record
TN:
SF:src/core/domain/paciente.js
FNF:0
FNH:0
LF:0
LH:0
BRF:0
BRH:0
end_of_record
TN:
SF:src/infrastructure/database/models/armario.js
FNF:0
FNH:0
DA:1,0
DA:2,0
DA:4,0
DA:21,0
LF:4
LH:0
BRF:0
BRH:0
end_of_record
TN:
SF:src/infrastructure/database/models/medicamento.js
FNF:0
FNH:0
DA:1,1
DA:2,1
DA:4,1
DA:34,1
LF:4
LH:4
BRF:0
BRH:0
end_of_record
TN:
SF:src/infrastructure/database/models/paciente.js
FNF:0
FNH:0
LF:0
LH:0
BRF:0
BRH:0
end_of_record
TN:
SF:src/infrastructure/database/repositories/PostgresArmarioRepository.js
FN:12,(anonymous_0)
FNF:1
FNH:0
FNDA:0,(anonymous_0)
DA:3,0
DA:4,0
DA:13,0
DA:14,0
DA:19,0
DA:25,0
DA:36,0
LF:7
LH:0
BRF:0
BRH:0
end_of_record
TN:
SF:src/infrastructure/database/repositories/PostgresMedicamentoRepository.js
FN:12,(anonymous_0)
FNF:1
FNH:1
FNDA:7,(anonymous_0)
DA:3,1
DA:4,1
DA:13,7
DA:14,7
DA:22,5
DA:32,2
DA:43,1
LF:7
LH:7
BRDA:18,0,0,7
BRDA:18,0,1,4
BRF:2
BRH:2
end_of_record
TN:
SF:src/infrastructure/web/controllers/armario.js
FN:2,(anonymous_0)
FN:10,(anonymous_1)
FNF:2
FNH:0
FNDA:0,(anonymous_0)
FNDA:0,(anonymous_1)
DA:3,0
DA:12,0
DA:14,0
DA:17,0
DA:20,0
DA:24,0
DA:32,0
LF:7
LH:0
BRF:0
BRH:0
end_of_record
TN:
SF:src/infrastructure/web/controllers/medicamento.js
FN:2,(anonymous_0)
FN:10,(anonymous_1)
FNF:2
FNH:2
FNDA:11,(anonymous_0)
FNDA:14,(anonymous_1)
DA:3,11
DA:12,14
DA:14,14
DA:17,14
DA:20,7
DA:24,7
DA:32,1
LF:7
LH:7
BRF:0
BRH:0
end_of_record
TN:
SF:src/infrastructure/web/routes/index.js
FN:21,(anonymous_0)
FN:24,(anonymous_1)
FNF:2
FNH:0
FNDA:0,(anonymous_0)
FNDA:0,(anonymous_1)
DA:1,0
DA:2,0
DA:4,0
DA:5,0
DA:6,0
DA:8,0
DA:9,0
DA:10,0
DA:12,0
DA:13,0
DA:14,0
DA:16,0
DA:17,0
DA:18,0
DA:21,0
DA:24,0
DA:26,0
LF:17
LH:0
BRF:0
BRH:0
end_of_record
